INFO:__main__:Starting wxPi.py with PID 11666
INFO:__main__:All dates and times are in UTC except where noted
INFO:__main__:Loaded configuration from 'wxPi.config'
INFO:__main__:Started the DatabaseProcessor background thread
INFO:__main__:Started the PollingProcessor background thread
INFO:__main__:Polling Started tlbrads.
INFO:cherrypy.error:[07/Oct/2018:14:05:41] ENGINE Bus STARTING
INFO:cherrypy.error:[07/Oct/2018:14:05:41] ENGINE Serving on http://0.0.0.0:8080
INFO:cherrypy.error:[07/Oct/2018:14:05:41] ENGINE Bus STARTED
INFO:__main__:Starting wxPi.py with PID 12216
INFO:__main__:All dates and times are in UTC except where noted
INFO:__main__:Loaded configuration from 'wxPi.config'
INFO:__main__:Started the DatabaseProcessor background thread
INFO:__main__:Started the PollingProcessor background thread
INFO:__main__:Polling Started tlbrads.
INFO:cherrypy.error:[07/Oct/2018:14:36:18] ENGINE Bus STARTING
INFO:cherrypy.error:[07/Oct/2018:14:36:18] ENGINE Serving on http://0.0.0.0:8080
INFO:cherrypy.error:[07/Oct/2018:14:36:18] ENGINE Bus STARTED
INFO:__main__:Starting wxPi.py with PID 12455
INFO:__main__:All dates and times are in UTC except where noted
INFO:__main__:Loaded configuration from 'wxPi.config'
INFO:__main__:Started the DatabaseProcessor background thread
INFO:__main__:Started the PollingProcessor background thread
INFO:__main__:Polling Started tlbrads.
INFO:cherrypy.error:[07/Oct/2018:14:46:22] ENGINE Bus STARTING
INFO:cherrypy.error:[07/Oct/2018:14:46:22] ENGINE Serving on http://0.0.0.0:8080
INFO:cherrypy.error:[07/Oct/2018:14:46:22] ENGINE Bus STARTED
DEBUG:root:[('OSV2', 'AEC401BF26720A425000'), ('OSV2', 'AEC401BF2472084CF000')]
DEBUG:__main__:OSV2 AEC401BF26720A425000
DEBUG:__main__:sync      A
DEBUG:__main__:sensor    EC40
DEBUG:__main__:channel   1
DEBUG:__main__:code      BF
DEBUG:__main__:flags     2
DEBUG:__main__:data      6720A42
DEBUG:__main__:checksum  50
DEBUG:__main__:postamble 00
DEBUG:__main__:----------
DEBUG:__main__:computed  A5
DEBUG:__main__:valid     False
DEBUG:__main__:----------
DEBUG:__main__:output    {'temperature': 27.6, 'humidity': -99}
DEBUG:__main__:OSV2 AEC401BF2472084CF000
DEBUG:__main__:sync      A
DEBUG:__main__:sensor    EC40
DEBUG:__main__:channel   1
DEBUG:__main__:code      BF
DEBUG:__main__:flags     2
DEBUG:__main__:data      472084C
DEBUG:__main__:checksum  F0
DEBUG:__main__:postamble 00
DEBUG:__main__:----------
DEBUG:__main__:computed  06
DEBUG:__main__:valid     False
DEBUG:__main__:----------
DEBUG:__main__:output    {'temperature': 27.4, 'humidity': 48}
DEBUG:root:[('OSV2', 'A2D1009D001005300F271')]
DEBUG:__main__:OSV2 A2D1009D001005300F271
DEBUG:__main__:sync      A
DEBUG:__main__:sensor    2D10
DEBUG:__main__:channel   0
DEBUG:__main__:code      9D
DEBUG:__main__:flags     0
DEBUG:__main__:data      01005300
DEBUG:__main__:checksum  F2
DEBUG:__main__:postamble 71
DEBUG:__main__:----------
DEBUG:__main__:computed  F2
DEBUG:__main__:valid     True
DEBUG:__main__:----------
DEBUG:__main__:output    {'rainfall': 35.0, 'rainrate': 1.0}
DEBUG:root:[('OSV2', 'A2D1009D001005300F271'), ('OSV2', 'A2D1009D001005300F271'), ('OSV2', 'A2D1009D001005300F271'), ('OSV2', 'A2D1009D001005300F271'), ('OSV2', 'A2D1009D001005300F271')]
DEBUG:__main__:OSV2 A2D1009D001005300F271
DEBUG:__main__:sync      A
DEBUG:__main__:sensor    2D10
DEBUG:__main__:channel   0
DEBUG:__main__:code      9D
DEBUG:__main__:flags     0
DEBUG:__main__:data      01005300
DEBUG:__main__:checksum  F2
DEBUG:__main__:postamble 71
DEBUG:__main__:----------
DEBUG:__main__:computed  F2
DEBUG:__main__:valid     True
DEBUG:__main__:----------
DEBUG:__main__:output    {'rainfall': 35.0, 'rainrate': 1.0}
DEBUG:__main__:OSV2 A2D1009D001005300F271
DEBUG:__main__:sync      A
DEBUG:__main__:sensor    2D10
DEBUG:__main__:channel   0
DEBUG:__main__:code      9D
DEBUG:__main__:flags     0
DEBUG:__main__:data      01005300
DEBUG:__main__:checksum  F2
DEBUG:__main__:postamble 71
DEBUG:__main__:----------
DEBUG:__main__:computed  F2
DEBUG:__main__:valid     True
DEBUG:__main__:----------
DEBUG:__main__:output    {'rainfall': 35.0, 'rainrate': 1.0}
DEBUG:__main__:OSV2 A2D1009D001005300F271
DEBUG:__main__:sync      A
DEBUG:__main__:sensor    2D10
DEBUG:__main__:channel   0
DEBUG:__main__:code      9D
DEBUG:__main__:flags     0
DEBUG:__main__:data      01005300
DEBUG:__main__:checksum  F2
DEBUG:__main__:postamble 71
DEBUG:__main__:----------
DEBUG:__main__:computed  F2
DEBUG:__main__:valid     True
DEBUG:__main__:----------
DEBUG:__main__:output    {'rainfall': 35.0, 'rainrate': 1.0}
DEBUG:__main__:OSV2 A2D1009D001005300F271
DEBUG:__main__:sync      A
DEBUG:__main__:sensor    2D10
DEBUG:__main__:channel   0
DEBUG:__main__:code      9D
DEBUG:__main__:flags     0
DEBUG:__main__:data      01005300
DEBUG:__main__:checksum  F2
DEBUG:__main__:postamble 71
DEBUG:__main__:----------
DEBUG:__main__:computed  F2
DEBUG:__main__:valid     True
DEBUG:__main__:----------
DEBUG:__main__:output    {'rainfall': 35.0, 'rainrate': 1.0}
DEBUG:__main__:OSV2 A2D1009D001005300F271
DEBUG:__main__:sync      A
DEBUG:__main__:sensor    2D10
DEBUG:__main__:channel   0
DEBUG:__main__:code      9D
DEBUG:__main__:flags     0
DEBUG:__main__:data      01005300
DEBUG:__main__:checksum  F2
DEBUG:__main__:postamble 71
DEBUG:__main__:----------
DEBUG:__main__:computed  F2
DEBUG:__main__:valid     True
DEBUG:__main__:----------
DEBUG:__main__:output    {'rainfall': 35.0, 'rainrate': 1.0}
INFO:__main__:Staving current state to archive
INFO:__main__:Posting data to WUnderground...
DEBUG:__main__:pwsData count: 10
INFO:__main__:WUnderground upload URL: http://weatherstation.wunderground.com/weatherstation/updateweatherstation.php?dateutc=2018-10-07+19%3A58%3A39&softwaretype=wxPi&tempf=81.3&rainin=0.0&humidity=48&dewptf=59.8&dailyrainin=0.12&action=updateraw&PASSWORD=rhs8kszc&ID=KMOWENTZ25
DEBUG:__main__:WUnderground PWS update status: success

DEBUG:__main__:{'rainfall': 35.0, 'rainrate': 1.0, 'temperature': 27.4, 'dewpoint': 15.43422667456543, 'humidity': 48}
INFO:urllib3.connectionpool:Starting new HTTPS connection (1): io.adafruit.com
DEBUG:urllib3.connectionpool:"POST /api/v1/feeds/home-outside-temperature/data/send HTTP/1.1" 200 None
DEBUG:__main__:Message posted to MQTT.
INFO:urllib3.connectionpool:Starting new HTTPS connection (1): io.adafruit.com
DEBUG:urllib3.connectionpool:"POST /api/v1/feeds/home-outside-humidity/data/send HTTP/1.1" 200 None
INFO:urllib3.connectionpool:Starting new HTTPS connection (1): io.adafruit.com
DEBUG:urllib3.connectionpool:"POST /api/v1/feeds/home-rainfall/data/send HTTP/1.1" 200 None
INFO:urllib3.connectionpool:Starting new HTTPS connection (1): io.adafruit.com
DEBUG:urllib3.connectionpool:"POST /api/v1/feeds/home-rainrate/data/send HTTP/1.1" 200 None
INFO:__main__:Posted data to WUnderground
INFO:__main__:Calculating sleep time...
INFO:__main__:going to sleep now...
DEBUG:root:[('OSV2', 'A2D1009D02101730043C1')]
DEBUG:__main__:OSV2 A2D1009D02101730043C1
DEBUG:__main__:sync      A
DEBUG:__main__:sensor    2D10
DEBUG:__main__:channel   0
DEBUG:__main__:code      9D
DEBUG:__main__:flags     0
DEBUG:__main__:data      21017300
DEBUG:__main__:checksum  43
DEBUG:__main__:postamble C1
DEBUG:__main__:----------
DEBUG:__main__:computed  43
DEBUG:__main__:valid     True
DEBUG:__main__:----------
DEBUG:__main__:output    {'rainfall': 37.1, 'rainrate': 1.2}
INFO:__main__:Staving current state to archive
INFO:__main__:Posting data to WUnderground...
DEBUG:__main__:pwsData count: 10
INFO:__main__:WUnderground upload URL: http://weatherstation.wunderground.com/weatherstation/updateweatherstation.php?dateutc=2018-10-07+20%3A03%3A47&softwaretype=wxPi&tempf=81.3&rainin=0.08&humidity=48&dewptf=59.8&dailyrainin=0.2&action=updateraw&PASSWORD=rhs8kszc&ID=KMOWENTZ25
DEBUG:__main__:WUnderground PWS update status: success

DEBUG:__main__:{'rainfall': 37.1, 'rainrate': 1.2, 'temperature': 27.4, 'dewpoint': 15.43422667456543, 'humidity': 48}
INFO:urllib3.connectionpool:Starting new HTTPS connection (1): io.adafruit.com
DEBUG:urllib3.connectionpool:"POST /api/v1/feeds/home-outside-temperature/data/send HTTP/1.1" 200 None
DEBUG:__main__:Message posted to MQTT.
INFO:urllib3.connectionpool:Starting new HTTPS connection (1): io.adafruit.com
DEBUG:urllib3.connectionpool:"POST /api/v1/feeds/home-outside-humidity/data/send HTTP/1.1" 200 None
INFO:urllib3.connectionpool:Starting new HTTPS connection (1): io.adafruit.com
DEBUG:urllib3.connectionpool:"POST /api/v1/feeds/home-rainfall/data/send HTTP/1.1" 200 None
INFO:urllib3.connectionpool:Starting new HTTPS connection (1): io.adafruit.com
DEBUG:urllib3.connectionpool:"POST /api/v1/feeds/home-rainrate/data/send HTTP/1.1" 200 None
INFO:__main__:Posted data to WUnderground
INFO:__main__:Calculating sleep time...
INFO:__main__:going to sleep now...
DEBUG:root:[('OSV2', '05D2EFF62FBAFCFBFF9C')]
DEBUG:__main__:OSV2 05D2EFF62FBAFCFBFF9C
INFO:__main__:Staving current state to archive
INFO:__main__:Posting data to WUnderground...
DEBUG:__main__:pwsData count: 10
INFO:__main__:WUnderground upload URL: http://weatherstation.wunderground.com/weatherstation/updateweatherstation.php?dateutc=2018-10-07+20%3A08%3A48&softwaretype=wxPi&tempf=81.3&rainin=0.08&humidity=48&dewptf=59.8&dailyrainin=0.2&action=updateraw&PASSWORD=rhs8kszc&ID=KMOWENTZ25
DEBUG:__main__:WUnderground PWS update status: success

DEBUG:__main__:{'rainfall': 37.1, 'rainrate': 1.2, 'temperature': 27.4, 'dewpoint': 15.43422667456543, 'humidity': 48}
INFO:urllib3.connectionpool:Starting new HTTPS connection (1): io.adafruit.com
DEBUG:urllib3.connectionpool:"POST /api/v1/feeds/home-outside-temperature/data/send HTTP/1.1" 200 None
DEBUG:__main__:Message posted to MQTT.
INFO:urllib3.connectionpool:Starting new HTTPS connection (1): io.adafruit.com
DEBUG:urllib3.connectionpool:"POST /api/v1/feeds/home-outside-humidity/data/send HTTP/1.1" 200 None
INFO:urllib3.connectionpool:Starting new HTTPS connection (1): io.adafruit.com
DEBUG:urllib3.connectionpool:"POST /api/v1/feeds/home-rainfall/data/send HTTP/1.1" 200 None
INFO:urllib3.connectionpool:Starting new HTTPS connection (1): io.adafruit.com
DEBUG:urllib3.connectionpool:"POST /api/v1/feeds/home-rainrate/data/send HTTP/1.1" 200 None
INFO:__main__:Posted data to WUnderground
INFO:__main__:Calculating sleep time...
INFO:__main__:going to sleep now...
DEBUG:root:[('OSV2', 'A2D1009D0850654002486'), ('OSV2', 'A2D1009D095066400446F')]
DEBUG:__main__:OSV2 A2D1009D0850654002486
DEBUG:__main__:sync      A
DEBUG:__main__:sensor    2D10
DEBUG:__main__:channel   0
DEBUG:__main__:code      9D
DEBUG:__main__:flags     0
DEBUG:__main__:data      85065400
DEBUG:__main__:checksum  24
DEBUG:__main__:postamble 86
DEBUG:__main__:----------
DEBUG:__main__:computed  24
DEBUG:__main__:valid     True
DEBUG:__main__:----------
DEBUG:__main__:output    {'rainfall': 45.6, 'rainrate': 5.8}
DEBUG:__main__:OSV2 A2D1009D095066400446F
DEBUG:__main__:sync      A
DEBUG:__main__:sensor    2D10
DEBUG:__main__:channel   0
DEBUG:__main__:code      9D
DEBUG:__main__:flags     0
DEBUG:__main__:data      95066400
DEBUG:__main__:checksum  44
DEBUG:__main__:postamble 6F
DEBUG:__main__:----------
DEBUG:__main__:computed  44
DEBUG:__main__:valid     True
DEBUG:__main__:----------
DEBUG:__main__:output    {'rainfall': 46.6, 'rainrate': 5.9}
INFO:__main__:Staving current state to archive
INFO:__main__:Posting data to WUnderground...
DEBUG:__main__:pwsData count: 10
INFO:__main__:WUnderground upload URL: http://weatherstation.wunderground.com/weatherstation/updateweatherstation.php?dateutc=2018-10-07+20%3A13%3A50&softwaretype=wxPi&tempf=81.3&rainin=0.46&humidity=48&dewptf=59.8&dailyrainin=0.58&action=updateraw&PASSWORD=rhs8kszc&ID=KMOWENTZ25
DEBUG:__main__:WUnderground PWS update status: success

DEBUG:__main__:{'rainfall': 46.6, 'rainrate': 5.9, 'temperature': 27.4, 'dewpoint': 15.43422667456543, 'humidity': 48}
INFO:urllib3.connectionpool:Starting new HTTPS connection (1): io.adafruit.com
DEBUG:urllib3.connectionpool:"POST /api/v1/feeds/home-outside-temperature/data/send HTTP/1.1" 200 None
DEBUG:__main__:Message posted to MQTT.
INFO:urllib3.connectionpool:Starting new HTTPS connection (1): io.adafruit.com
DEBUG:urllib3.connectionpool:"POST /api/v1/feeds/home-outside-humidity/data/send HTTP/1.1" 200 None
INFO:urllib3.connectionpool:Starting new HTTPS connection (1): io.adafruit.com
DEBUG:urllib3.connectionpool:"POST /api/v1/feeds/home-rainfall/data/send HTTP/1.1" 200 None
INFO:urllib3.connectionpool:Starting new HTTPS connection (1): io.adafruit.com
DEBUG:urllib3.connectionpool:"POST /api/v1/feeds/home-rainrate/data/send HTTP/1.1" 200 None
INFO:__main__:Posted data to WUnderground
INFO:__main__:Calculating sleep time...
INFO:__main__:going to sleep now...
DEBUG:root:[]
INFO:__main__:Staving current state to archive
INFO:__main__:Posting data to WUnderground...
DEBUG:__main__:pwsData count: 10
INFO:__main__:WUnderground upload URL: http://weatherstation.wunderground.com/weatherstation/updateweatherstation.php?dateutc=2018-10-07+20%3A18%3A52&softwaretype=wxPi&tempf=81.3&rainin=0.46&humidity=48&dewptf=59.8&dailyrainin=0.58&action=updateraw&PASSWORD=rhs8kszc&ID=KMOWENTZ25
DEBUG:__main__:WUnderground PWS update status: success

DEBUG:__main__:{'rainfall': 46.6, 'rainrate': 5.9, 'temperature': 27.4, 'dewpoint': 15.43422667456543, 'humidity': 48}
INFO:urllib3.connectionpool:Starting new HTTPS connection (1): io.adafruit.com
DEBUG:urllib3.connectionpool:"POST /api/v1/feeds/home-outside-temperature/data/send HTTP/1.1" 200 None
DEBUG:__main__:Message posted to MQTT.
INFO:urllib3.connectionpool:Starting new HTTPS connection (1): io.adafruit.com
DEBUG:urllib3.connectionpool:"POST /api/v1/feeds/home-outside-humidity/data/send HTTP/1.1" 200 None
INFO:urllib3.connectionpool:Starting new HTTPS connection (1): io.adafruit.com
DEBUG:urllib3.connectionpool:"POST /api/v1/feeds/home-rainfall/data/send HTTP/1.1" 200 None
INFO:urllib3.connectionpool:Starting new HTTPS connection (1): io.adafruit.com
DEBUG:urllib3.connectionpool:"POST /api/v1/feeds/home-rainrate/data/send HTTP/1.1" 200 None
INFO:__main__:Posted data to WUnderground
INFO:__main__:Calculating sleep time...
INFO:__main__:going to sleep now...
DEBUG:root:[]
INFO:__main__:Staving current state to archive
INFO:__main__:Posting data to WUnderground...
DEBUG:__main__:pwsData count: 10
INFO:__main__:WUnderground upload URL: http://weatherstation.wunderground.com/weatherstation/updateweatherstation.php?dateutc=2018-10-07+20%3A23%3A54&softwaretype=wxPi&tempf=81.3&rainin=0.46&humidity=48&dewptf=59.8&dailyrainin=0.58&action=updateraw&PASSWORD=rhs8kszc&ID=KMOWENTZ25
DEBUG:__main__:WUnderground PWS update status: success

DEBUG:__main__:{'rainfall': 46.6, 'rainrate': 5.9, 'temperature': 27.4, 'dewpoint': 15.43422667456543, 'humidity': 48}
INFO:urllib3.connectionpool:Starting new HTTPS connection (1): io.adafruit.com
DEBUG:urllib3.connectionpool:"POST /api/v1/feeds/home-outside-temperature/data/send HTTP/1.1" 200 None
DEBUG:__main__:Message posted to MQTT.
INFO:urllib3.connectionpool:Starting new HTTPS connection (1): io.adafruit.com
DEBUG:urllib3.connectionpool:"POST /api/v1/feeds/home-outside-humidity/data/send HTTP/1.1" 200 None
INFO:urllib3.connectionpool:Starting new HTTPS connection (1): io.adafruit.com
DEBUG:urllib3.connectionpool:"POST /api/v1/feeds/home-rainfall/data/send HTTP/1.1" 200 None
INFO:urllib3.connectionpool:Starting new HTTPS connection (1): io.adafruit.com
DEBUG:urllib3.connectionpool:"POST /api/v1/feeds/home-rainrate/data/send HTTP/1.1" 200 None
INFO:__main__:Posted data to WUnderground
INFO:__main__:Calculating sleep time...
INFO:__main__:going to sleep now...
DEBUG:root:[]
INFO:__main__:Staving current state to archive
INFO:__main__:Posting data to WUnderground...
DEBUG:__main__:pwsData count: 10
INFO:__main__:WUnderground upload URL: http://weatherstation.wunderground.com/weatherstation/updateweatherstation.php?dateutc=2018-10-07+20%3A29%3A01&softwaretype=wxPi&tempf=81.3&rainin=0.46&humidity=48&dewptf=59.8&dailyrainin=0.58&action=updateraw&PASSWORD=rhs8kszc&ID=KMOWENTZ25
DEBUG:__main__:WUnderground PWS update status: success

DEBUG:__main__:{'rainfall': 46.6, 'rainrate': 5.9, 'temperature': 27.4, 'dewpoint': 15.43422667456543, 'humidity': 48}
INFO:urllib3.connectionpool:Starting new HTTPS connection (1): io.adafruit.com
DEBUG:urllib3.connectionpool:"POST /api/v1/feeds/home-outside-temperature/data/send HTTP/1.1" 200 None
DEBUG:__main__:Message posted to MQTT.
INFO:urllib3.connectionpool:Starting new HTTPS connection (1): io.adafruit.com
DEBUG:urllib3.connectionpool:"POST /api/v1/feeds/home-outside-humidity/data/send HTTP/1.1" 200 None
INFO:urllib3.connectionpool:Starting new HTTPS connection (1): io.adafruit.com
DEBUG:urllib3.connectionpool:"POST /api/v1/feeds/home-rainfall/data/send HTTP/1.1" 200 None
INFO:urllib3.connectionpool:Starting new HTTPS connection (1): io.adafruit.com
DEBUG:urllib3.connectionpool:"POST /api/v1/feeds/home-rainrate/data/send HTTP/1.1" 200 None
INFO:__main__:Posted data to WUnderground
INFO:__main__:Calculating sleep time...
INFO:__main__:going to sleep now...
DEBUG:root:[('OSV2', 'A2D1009D02109250093F3'), ('OSV2', 'A2D1009D02FF6DAFF6C0C')]
DEBUG:__main__:OSV2 A2D1009D02109250093F3
DEBUG:__main__:sync      A
DEBUG:__main__:sensor    2D10
DEBUG:__main__:channel   0
DEBUG:__main__:code      9D
DEBUG:__main__:flags     0
DEBUG:__main__:data      21092500
DEBUG:__main__:checksum  93
DEBUG:__main__:postamble F3
DEBUG:__main__:----------
DEBUG:__main__:computed  93
DEBUG:__main__:valid     True
DEBUG:__main__:----------
DEBUG:__main__:output    {'rainfall': 52.9, 'rainrate': 1.2}
DEBUG:__main__:OSV2 A2D1009D02FF6DAFF6C0C
DEBUG:__main__:sync      A
DEBUG:__main__:sensor    2D10
DEBUG:__main__:channel   0
DEBUG:__main__:code      9D
DEBUG:__main__:flags     0
DEBUG:__main__:data      2FF6DAFF
DEBUG:__main__:checksum  6C
DEBUG:__main__:postamble 0C
DEBUG:__main__:----------
DEBUG:__main__:computed  18
DEBUG:__main__:valid     False
DEBUG:__main__:----------
DEBUG:__main__:output    {'rainfall': -99, 'rainrate': -99}
INFO:__main__:Staving current state to archive
INFO:__main__:Posting data to WUnderground...
DEBUG:__main__:pwsData count: 10
INFO:__main__:WUnderground upload URL: http://weatherstation.wunderground.com/weatherstation/updateweatherstation.php?dateutc=2018-10-07+20%3A34%3A03&softwaretype=wxPi&tempf=81.3&rainin=0.0&humidity=48&dewptf=59.8&dailyrainin=0.0&action=updateraw&PASSWORD=rhs8kszc&ID=KMOWENTZ25
DEBUG:__main__:WUnderground PWS update status: success

DEBUG:__main__:{'rainfall': -99, 'rainrate': -99, 'temperature': 27.4, 'dewpoint': 15.43422667456543, 'humidity': 48}
INFO:urllib3.connectionpool:Starting new HTTPS connection (1): io.adafruit.com
DEBUG:urllib3.connectionpool:"POST /api/v1/feeds/home-outside-temperature/data/send HTTP/1.1" 200 None
DEBUG:__main__:Message posted to MQTT.
INFO:urllib3.connectionpool:Starting new HTTPS connection (1): io.adafruit.com
DEBUG:urllib3.connectionpool:"POST /api/v1/feeds/home-outside-humidity/data/send HTTP/1.1" 200 None
INFO:__main__:Posted data to WUnderground
INFO:__main__:Calculating sleep time...
INFO:__main__:going to sleep now...
DEBUG:root:[('OSV2', 'A2D1009D02109250093F3'), ('OSV2', 'A2D1009D02109250093F3'), ('OSV2', 'A2D1009D02109CAFF6C0C')]
DEBUG:__main__:OSV2 A2D1009D02109250093F3
DEBUG:__main__:sync      A
DEBUG:__main__:sensor    2D10
DEBUG:__main__:channel   0
DEBUG:__main__:code      9D
DEBUG:__main__:flags     0
DEBUG:__main__:data      21092500
DEBUG:__main__:checksum  93
DEBUG:__main__:postamble F3
DEBUG:__main__:----------
DEBUG:__main__:computed  93
DEBUG:__main__:valid     True
DEBUG:__main__:----------
DEBUG:__main__:output    {'rainfall': 52.9, 'rainrate': 1.2}
DEBUG:__main__:OSV2 A2D1009D02109250093F3
DEBUG:__main__:sync      A
DEBUG:__main__:sensor    2D10
DEBUG:__main__:channel   0
DEBUG:__main__:code      9D
DEBUG:__main__:flags     0
DEBUG:__main__:data      21092500
DEBUG:__main__:checksum  93
DEBUG:__main__:postamble F3
DEBUG:__main__:----------
DEBUG:__main__:computed  93
DEBUG:__main__:valid     True
DEBUG:__main__:----------
DEBUG:__main__:output    {'rainfall': 52.9, 'rainrate': 1.2}
DEBUG:__main__:OSV2 A2D1009D02109CAFF6C0C
DEBUG:__main__:sync      A
DEBUG:__main__:sensor    2D10
DEBUG:__main__:channel   0
DEBUG:__main__:code      9D
DEBUG:__main__:flags     0
DEBUG:__main__:data      2109CAFF
DEBUG:__main__:checksum  6C
DEBUG:__main__:postamble 0C
DEBUG:__main__:----------
DEBUG:__main__:computed  66
DEBUG:__main__:valid     False
DEBUG:__main__:----------
DEBUG:__main__:output    {'rainfall': -99, 'rainrate': 1.2}
INFO:__main__:Staving current state to archive
INFO:__main__:Posting data to WUnderground...
DEBUG:__main__:pwsData count: 10
INFO:__main__:WUnderground upload URL: http://weatherstation.wunderground.com/weatherstation/updateweatherstation.php?dateutc=2018-10-07+20%3A39%3A04&softwaretype=wxPi&tempf=81.3&rainin=0.0&humidity=48&dewptf=59.8&dailyrainin=0.0&action=updateraw&PASSWORD=rhs8kszc&ID=KMOWENTZ25
DEBUG:__main__:WUnderground PWS update status: success

DEBUG:__main__:{'rainfall': -99, 'rainrate': 1.2, 'temperature': 27.4, 'dewpoint': 15.43422667456543, 'humidity': 48}
INFO:urllib3.connectionpool:Starting new HTTPS connection (1): io.adafruit.com
DEBUG:urllib3.connectionpool:"POST /api/v1/feeds/home-outside-temperature/data/send HTTP/1.1" 200 None
DEBUG:__main__:Message posted to MQTT.
INFO:urllib3.connectionpool:Starting new HTTPS connection (1): io.adafruit.com
DEBUG:urllib3.connectionpool:"POST /api/v1/feeds/home-outside-humidity/data/send HTTP/1.1" 200 None
INFO:urllib3.connectionpool:Starting new HTTPS connection (1): io.adafruit.com
DEBUG:urllib3.connectionpool:"POST /api/v1/feeds/home-rainrate/data/send HTTP/1.1" 200 None
INFO:__main__:Posted data to WUnderground
INFO:__main__:Calculating sleep time...
INFO:__main__:going to sleep now...
